<?xml version="1.0" encoding="UTF-8"?>
<!-- Generated by org.testng.reporters.JUnitReportReporter -->
<testsuite hostname="bhaumik" name="csjobs.model.dao.UserDaoTest" tests="3" failures="0" timestamp="21 Aug 2015 06:37:27 GMT" time="0.817" errors="0">
  <testcase name="getUserByEmail" time="0.462" classname="csjobs.model.dao.UserDaoTest"/>
  <testcase name="checkApplication" time="0.349" classname="csjobs.model.dao.UserDaoTest"/>
  <testcase name="getUserById" time="0.006" classname="csjobs.model.dao.UserDaoTest"/>
</testsuite> <!-- csjobs.model.dao.UserDaoTest -->
